name,phone,email,country,region,numberrange,currency,list,alphanumeric,text
Shad Beach,1-204-913-7771,porttitor.interdum.sed@hotmail.couk,Nigeria,Zaporizhzhia oblast,5,$93.20,15,EUP19RCU1UA,arcu eu odio tristique pharetra. Quisque ac libero nec ligula
Myles Wilder,(621) 979-4244,auctor.nunc.nulla@hotmail.net,Turkey,Magadan Oblast,4,$18.69,3,JOI71YEQ7KC,pede. Praesent eu dui. Cum sociis natoque penatibus et magnis
Ariana Schmidt,1-685-282-4574,mauris.non@google.ca,Nigeria,Anambra,5,$83.75,13,JGO75TDG3OG,augue malesuada malesuada. Integer id magna et ipsum cursus vestibulum.
Rosalyn Copeland,(788) 756-4233,phasellus.fermentum@outlook.couk,France,Balochistan,3,$96.83,11,BKF39MAV9KO,"Lorem ipsum dolor sit amet, consectetuer adipiscing elit. Aliquam auctor,"
Ila Abbott,(483) 329-9454,orci.lobortis.augue@protonmail.org,Italy,Vaupés,9,$70.71,9,EKY61IFQ3LD,quis urna. Nunc quis arcu vel quam dignissim pharetra. Nam
Paul Marks,(477) 712-3366,Singapore,$99.02,0,Quảng Nam,Ap #555-4146 Facilisis Ave,egestas.rhoncus@hotmail.couk
Venus Fisher,1-278-724-4427,Belgium,$95.75,4,Eastern Cape,Ap #420-6370 Donec Avenue,nunc.mauris@yahoo.couk
Scarlet William,1-819-482-7322,Costa Rica,$74.04,10,Lower Austria,326-5810 Lorem Rd.,imperdiet@yahoo.net
Giacomo Rutledge,(812) 735-4153,Mexico,$2.84,0,Sicilia,508-1395 Velit Road,nascetur@protonmail.edu
Rhonda Prince,1-864-581-6828,Italy,$14.55,9,Salzburg,235-1272 Netus Rd.,id.magna@protonmail.edu
Rhea Morgan,1-716-887-5793,Philippines,$44.38,7,San Andrés y Providencia,"P.O. Box 700, 7372 Volutpat St.",feugiat.tellus@google.net
Piper Gray,(413) 972-7862,Pakistan,$77.39,4,Riau Islands,Ap #347-7505 Accumsan Street,lacus.ut@protonmail.org
Craig Craft,(389) 763-7131,Italy,$4.87,10,Samsun,802-5534 Non Av.,suspendisse.ac.metus@aol.org
Amela Cummings,1-438-797-5716,Spain,$93.97,5,Dalarnas län,Ap #370-972 Cursus Road,aliquam.ultrices.iaculis@aol.com
Phillip Bush,1-835-257-8501,New Zealand,$79.50,10,Corse,3600 Curabitur Ave,at.arcu@outlook.eduDennis Wolfe,(841) 845-2664,Spain,$48.99,5,Trøndelag,Ap #913-7715 Ligula. St.,litora.torquent@hotmail.org
Trevor Swanson,1-506-151-2322,Poland,$18.55,8,Huádōng,5902 Ridiculus Avenue,interdum@outlook.org
Fulton Alston,1-801-774-3623,Spain,$66.87,8,Namen,828-9639 Torquent Street,non.sapien.molestie@google.net
Delilah Fuller,(515) 643-2701,Philippines,$71.88,3,Andhra Pradesh,184-503 Nisi. Rd.,in.condimentum@icloud.org
Bianca Hester,(787) 164-8311,Indonesia,$48.52,2,Kursk Oblast,Ap #940-8938 Et St.,dis.parturient@hotmail.org
Norman Powell,1-311-575-1455,Peru,$44.30,6,Chocó,"314-4305 Sed, St.",duis.elementum@protonmail.com
Zorita Tyler,1-711-229-9811,Philippines,$78.09,1,Los Lagos,"P.O. Box 638, 2111 Duis St.",nulla@aol.net
Fulton Waller,1-225-460-6356,United States,$83.67,2,North Island,Ap #586-612 Porta Av.,adipiscing.ligula.aenean@google.ca
Paula Bradford,1-401-486-5736,Spain,$88.16,1,Vestfold og Telemark,Ap #865-6522 Vehicula Avenue,varius@hotmail.couk
Neville Goff,1-540-170-6778,United Kingdom,$92.80,4,Mersin,Ap #424-9251 Sodales Road,purus@icloud.ca
Demetria Workman,(368) 230-6143,Nigeria,$82.74,4,Leinster,9158 In Rd.,in.felis.nulla@outlook.com
Noelle Beach,(515) 318-4523,India,$74.97,5,Ulster,675-3140 Ornare Street,et.magnis.dis@icloud.edu
Tallulah Washington,1-361-615-5243,Mexico,$44.73,8,Nizhny Novgorod Oblast,152-5764 Pede St.,fusce.mollis@protonmail.org
Keith Donovan,(888) 652-2328,South Korea,$64.28,9,Borno,933-8222 Eros. Rd.,eu.metus.in@google.couk
Delilah Daniel,1-446-613-8862,Mexico,$51.70,0,Euskadi,412-403 Libero. Rd.,lobortis.quis.pede@outlook.couk
Malcolm Velez,(422) 858-8563,Philippines,$40.43,9,Zhōngnán,874-5684 Lorem Rd.,vulputate.velit.eu@yahoo.couk
Ayanna Watts,(344) 674-7878,Indonesia,$10.58,7,North-East Region,3182 Mollis Av.,augue.ut@outlook.org
Beatrice Vazquez,(252) 582-4755,Brazil,$29.19,4,Araucanía,249-9832 Mus. Street,lacus.vestibulum.lorem@hotmail.ca
Jerome Olsen,1-137-371-2410,Germany,$25.35,1,Cartago,Ap #622-6465 Consectetuer St.,ipsum@hotmail.com
Harriet Blake,(581) 574-5615,Russian Federation,$83.40,6,Carinthia,499-2135 Elit. Road,nunc.est@aol.com
Zane Craft,(407) 579-3777,Norway,$34.41,3,Cundinamarca,Ap #567-4863 Lobortis Rd.,vulputate@hotmail.couk
Samson Rodriquez,1-842-554-8461,Sweden,$95.41,3,Rio Grande do Sul,"P.O. Box 959, 6472 Erat St.",cras.sed.leo@google.ca
Lilah Zimmerman,(289) 534-2832,Singapore,$15.22,2,Kayseri,626-7583 Dolor Rd.,ante.ipsum@google.edu
Xyla Baldwin,(137) 305-3187,Canada,$27.23,2,West Java,Ap #686-515 Lacus. Ave,nisi.a@google.net
Shad Kim,1-123-728-7323,Peru,$3.26,5,Newfoundland and Labrador,Ap #324-253 Odio. St.,mauris.blandit@yahoo.com
Kimberly Payne,(680) 661-8347,South Korea,$94.36,4,Mazowieckie,333-7460 Non Road,auctor@outlook.ca
Calvin Berger,1-536-811-2153,Sweden,$48.86,7,Ceará,"7108 Non, Avenue",pretium.aliquet@yahoo.net
Britanney Slater,1-305-669-2669,South Africa,$54.75,1,Meghalaya,"Ap #745-4921 Eu, Av.",lorem@hotmail.net
Yvonne Mckinney,1-338-316-4451,Australia,$52.73,0,Chhattisgarh,2616 Enim Rd.,tempus.eu@aol.org
Samson Pate,(416) 862-8852,Colombia,$0.22,4,Lâm Đồng,512-1530 Cursus Rd.,cursus.purus@hotmail.net
Glenna Caldwell,(719) 701-6547,United Kingdom,$96.47,3,San José,"1287 Amet, Av.",mattis.integer@aol.org
Rajah Morris,(624) 764-2381,France,$46.62,8,Omsk Oblast,Ap #770-2339 Imperdiet Rd.,suspendisse.commodo@hotmail.couk
Rogan Bray,(757) 814-0723,Canada,$36.99,1,La Guajira,Ap #433-4188 Malesuada Street,sed.id@aol.ca
Raya Mooney,1-273-268-8731,Canada,$50.45,4,Rivne oblast,528-161 Ac Ave,ante.ipsum@yahoo.org
Quamar Schultz,1-801-714-5534,Netherlands,$69.71,8,Şanlıurfa,902-6071 Dignissim Rd.,in.lobortis@yahoo.org
Seth Whitfield,1-181-762-9040,Costa Rica,$65.97,10,Uttarakhand,"P.O. Box 497, 3968 Id Road",lobortis.quis@google.ca
Tanner Mclean,(265) 556-2387,Chile,$83.87,2,Xīnán,Ap #678-1239 Erat Rd.,ornare.elit@icloud.net
Elliott England,(538) 722-1885,Turkey,$22.23,7,North Island,4407 Enim Road,ac.nulla@protonmail.net
Baker Norton,(329) 899-2188,Germany,$86.60,3,Bretagne,4186 Aliquet Road,elementum.sem@protonmail.net
Amena Montgomery,1-553-348-8347,Australia,$94.96,6,Västra Götalands län,Ap #103-1148 Dapibus Rd.,vestibulum@icloud.ca
Porter Jensen,1-253-327-4822,Ireland,$63.90,2,Jönköpings län,Ap #949-8349 Vivamus Street,ac.ipsum@hotmail.ca
Tanya Pacheco,(293) 588-6423,Australia,$2.61,5,Canarias,Ap #634-7272 Eleifend Ave,luctus.et@google.org
Guinevere Stokes,1-729-436-4176,Colombia,$25.58,8,Vichada,1298 Sem Road,vitae.purus.gravida@outlook.couk
Armand Haley,1-973-436-5955,Costa Rica,$18.52,8,Zaporizhzhia oblast,"P.O. Box 595, 850 Metus Rd.",egestas.aliquam@protonmail.ca
Sebastian Allison,(442) 655-3186,Norway,$19.89,9,Huádōng,Ap #769-6398 Donec St.,arcu.morbi@outlook.edu
Demetrius Mccullough,1-732-471-4470,Poland,$88.19,1,Lubuskie,570-3077 Sodales. St.,et.magna@protonmail.edu
Logan Cox,1-924-529-7624,Russian Federation,$44.19,9,Smolensk Oblast,698 Fermentum Av.,risus.quis.diam@outlook.net
Dominique Church,1-761-181-2472,United States,$64.87,7,Kujawsko-pomorskie,Ap #738-221 Pede St.,cum.sociis.natoque@icloud.org
Yetta Mack,1-815-715-7695,Italy,$90.50,6,Córdoba,Ap #370-891 Nec St.,rhoncus.donec@hotmail.couk
Tatiana Payne,(757) 662-4333,Ukraine,$56.73,10,Rogaland,"P.O. Box 630, 4624 Curabitur Rd.",fringilla.euismod.enim@google.org

1680861746335 :1
1680861747337: 2
1680861748343: 3
1680861749351: 4
1680861750360: 5
1680861751365: 6
1680861752373: 7
1680861753382: 8
1680861754383: 9
1680861755391: 10
1680861756399: 11
1680861757409: 12
1680861758423: 13
1680861759433: 14
1680861760445: 15
1680861761460: 16
1680861762471: 17
1680861763474: 18
1680861764476: 19
1680861765479: 20
1680861766490: 21
1680861767503: 22
1680861768509: 23
1680861769517: 24
1680861770530: 25
1680861771542: 26
1680861772549: 27
1680861773560: 28
1680861774571: 29
1680861775577: 30
1680861776590: 31
1680861777599: 32
1680861778611: 33
1680861779623: 34
1680861780637: 35
1680861781638: 36
1680861782653: 37
1680861783660: 38
1680861784672: 39
1680861785683: 40
1680861786683: 41
1680861787694: 42
1680861788706: 43
1680861789718: 44
1680861790728: 45
1680861791740: 46
1680861792753: 47
1680861793759: 48
1680861794771: 49
1680861795778: 50
1680861796785: 51
1680861797797: 52
1680861798809: 53
1680861799817: 54
1680861800830: 55
1680861801838: 56
1680861802849: 57
1680861803860: 58
1680861804874: 59
1680861805883: 60
1680861806895: 61
1680861807904: 62
1680861808915: 63
1680861809927: 64
1680861810939: 65
1680861811950: 66
1680861812966: 67
1680861813975: 68
1680861814987: 69
1680861815997: 70
1680861817009: 71
1680861818020: 72
1680861819030: 73
1680861820041: 74
1680861821047: 75
1680861822061: 76
1680861823070: 77
1680861824083: 78
1680861825090: 79
1680861826103: 80
1680861827114: 81
1680861828124: 82
1680861829132: 83
1680861830134: 84
1680861831144: 85
1680861832158: 86
1680861833170: 87
1680861834177: 88
1680861835187: 89
1680861836198: 90
1680861837209: 91
1680861838221: 92
1680861839230: 93
1680861840240: 94
1680861841251: 95
1680861842263: 96
1680861843274: 97
1680861844284: 98
1680861845297: 99
1680861846304: 100
1680861847312: 101
1680861848326: 102
1680861849337: 103
1680861850347: 104
1680861851359: 105
1680861852369: 106
1680861853380: 107
1680861854393: 108
1680861855402: 109
1680861856417: 110
1680861857422: 111
1680861858432: 112
1680861859442: 113
1680861860455: 114
1680861861469: 115
1680861862480: 116
1680861863493: 117
1680861864503: 118
1680861865513: 119
1680861866517: 120
1680861867529: 121
1680861868537: 122
1680861869546: 123
1680861870561: 124
1680861871573: 125
1680861872587: 126
1680861873594: 127
1680861874601: 128
1680861875615: 129
1680861876627: 130
1680861877638: 131
1680861878648: 132
1680861879652: 133
1680861880662: 134
1680861881670: 135
1680861882685: 136
1680861883698: 137
1680861884710: 138
1680861885720: 139
1680861886728: 140
1680861887739: 141
1680861888749: 142
1680861889757: 143
1680861890771: 144
1680861891778: 145
1680861892788: 146
1680861893793: 147
1680861894807: 148
1680861895818: 149
1680861896826: 150
1680861897835: 151
1680861898847: 152
1680861899859: 153
1680861900868: 154
1680861901873: 155
1680861902882: 156
1680861903893: 157
1680861904902: 158
1680861905912: 159
1680861906924: 160
1680861907936: 161
1680861908943: 162
1680861909954: 163
1680861910964: 164
1680861911974: 165
1680861912985: 166
1680861913992: 167
1680861915004: 168
1680861916019: 169
1680861917029: 170
1680861918042: 171
1680861919049: 172
1680861920057: 173
1680861921066: 174
1680861922073: 175
1680861923087: 176
1680861924098: 177
1680861925106: 178
1680861926115: 179
1680861927126: 180
1680861928137: 181
1680861929147: 182
1680861930160: 183
1680861931171: 184
1680861932182: 185
1680861933195: 186
1680861934204: 187
1680861935214: 188
1680861936225: 189
1680861937233: 190
1680861938245: 191
1680861939260: 192
1680861940270: 193
1680861941283: 194
1680861942295: 195
1680861943302: 196
1680861944314: 197
1680861945326: 198
1680861946335: 199
1680861947344: 200
1680861948357: 201
1680861949364: 202
1680861950368: 203
1680861951379: 204
1680861952394: 205
1680861953407: 206
1680861954419: 207
1680861955426: 208
1680861956436: 209
1680861957449: 210
1680861958456: 211
1680861959470: 212
1680861960479: 213
1680861961488: 214
1680861962500: 215
1680861963510: 216
1680861964517: 217
1680861965532: 218
1680861966540: 219
1680861967552: 220
1680861968561: 221
1680861969575: 222
1680861970585: 223
1680861971595: 224
1680861972605: 225
1680861973615: 226
1680861974625: 227
1680861975637: 228
1680861976647: 229
1680861977654: 230
1680861978661: 231
1680861979671: 232
1680861980683: 233
1680861981693: 234
1680861982699: 235
1680861983708: 236
1680861984718: 237
1680861985728: 238
1680861986737: 239
1680861987746: 240
1680861988758: 241
1680861989770: 242
1680861990783: 243
1680861991793: 244
1680861992804: 245
1680861993817: 246
1680861994831: 247
1680861995843: 248
1680861996852: 249
1680861997862: 250
1680861998875: 251
1680861999882: 252
1680862000893: 253
1680862001902: 254
1680862002908: 255
1680862003921: 256
1680862004932: 257
1680862005944: 258
1680862006952: 259
1680862007964: 260
1680862008973: 261
1680862009981: 262
1680862010991: 263
1680862012001: 264
1680862013011: 265
1680862014023: 266
1680862015037: 267
1680862016051: 268
1680862017059: 269
1680862018071: 270
1680862019081: 271
1680862020093: 272
1680862021106: 273
1680862022117: 274
1680862023126: 275
1680862024133: 276
1680862025145: 277
1680862026152: 278
1680862027164: 279
1680862028174: 280
1680862029178: 281
1680862030185: 282
1680862031194: 283
1680862032203: 284
1680862033217: 285
1680862034225: 286
1680862035235: 287
1680862036243: 288
1680862037252: 289
1680862038266: 290
1680862039277: 291
1680862040289: 292
1680862041301: 293
1680862042312: 294
1680862043325: 295
1680862044331: 296
1680862045342: 297
1680862046354: 298
1680862047366: 299
1680862048373: 300
1680862049382: 301
1680862050391: 302
1680862051399: 303
1680862052409: 304
1680862053420: 305
1680862054432: 306
1680862055443: 307
1680862056456: 308
1680862057467: 309
1680862058481: 310
1680862059492: 311
1680862060502: 312
1680862061514: 313
1680862062522: 314
1680862063535: 315
1680862064545: 316
1680862065559: 317
1680862066566: 318
1680862067574: 319
1680862068584: 320
1680862069594: 321
1680862070602: 3221684744655227 :1
1684744656230: 2
1684744657231: 3
1684744658232: 4
1684744659233: 5
1684744660234: 6
1684744661236: 7
1684744662237: 8
1684744663238: 9
1684744664240: 10
1684744665241: 11
1684744666241: 12
1684744667242: 13
1684744668243: 141684765368760 :1
1684765369762: 2
1684765370764: 3
1684765371764: 4
1684765372765: 5
1684765373766: 6
1684765374767: 7
1684765375768: 8
1684765376770: 9
1684765377771: 10
1684765378772: 11
1684765379774: 12